<?xml version="1.0" encoding="UTF-8"?>
<!-- Generated by org.testng.reporters.JUnitReportReporter -->
<testsuite skipped="0" hostname="Shiva" name="driver.DriverScript" tests="1" failures="0" timestamp="2021-04-17T22:05:25 IST" time="91.606" errors="0">
  <testcase name="executeTest" time="91.606" classname="driver.DriverScript"/>
  <system-out/>
</testsuite> <!-- driver.DriverScript -->
